[INFO] Strike the Earth!
[INFO] Got Content-Length: 4176
{"id":1,"params":{"rootUri":"file:///home/luminight/projects/c-things","clientInfo":{"version":"0.11.6+v0.11.6","name":"Neovim"},"processId":18151,"workDoneToken":"1","rootPath":"/home/luminight/projects/c-things","workspaceFolders":[{"uri":"file:///home/luminight/projects/c-things","name":"/home/luminight/projects/c-things"}],"capabilities":{"window":{"showDocument":{"support":true},"workDoneProgress":true,"showMessage":{"messageActionItem":{"additionalPropertiesSupport":true}}},"textDocument":{"callHierarchy":{"dynamicRegistration":false},"publishDiagnostics":{"dataSupport":true,"tagSupport":{"valueSet":[1,2]},"relatedInformation":true},"documentSymbol":{"hierarchicalDocumentSymbolSupport":true,"dynamicRegistration":false,"symbolKind":{"valueSet":[1,2,3,4,5,6,7,8,9,10,11,12,13,14,15,16,17,18,19,20,21,22,23,24,25,26]}},"rangeFormatting":{"rangesSupport":true,"dynamicRegistration":true},"references":{"dynamicRegistration":false},"implementation":{"linkSupport":true},"signatureHelp":{"dynamicRegistration":false,"signatureInformation":{"parameterInformation":{"labelOffsetSupport":true},"activeParameterSupport":true,"documentationFormat":["markdown","plaintext"]}},"hover":{"contentFormat":["markdown","plaintext"],"dynamicRegistration":true},"codeLens":{"dynamicRegistration":false,"resolveSupport":{"properties":["command"]}},"codeAction":{"codeActionLiteralSupport":{"codeActionKind":{"valueSet":["","quickfix","refactor","refactor.extract","refactor.inline","refactor.rewrite","source","source.organizeImports"]}},"dynamicRegistration":true,"dataSupport":true,"resolveSupport":{"properties":["edit","command"]},"isPreferredSupport":true},"typeDefinition":{"linkSupport":true},"rename":{"dynamicRegistration":true,"prepareSupport":true},"definition":{"linkSupport":true,"dynamicRegistration":true},"diagnostic":{"tagSupport":{"valueSet":[1,2]},"dynamicRegistration":false},"synchronization":{"didSave":true,"dynamicRegistration":false,"willSaveWaitUntil":true,"willSave":true},"completion":{"completionItemKind":{"valueSet":[1,2,3,4,5,6,7,8,9,10,11,12,13,14,15,16,17,18,19,20,21,22,23,24,25]},"dynamicRegistration":false,"completionItem":{"deprecatedSupport":true,"preselectSupport":false,"commitCharactersSupport":false,"snippetSupport":true,"resolveSupport":{"properties":["additionalTextEdits","command"]},"tagSupport":{"valueSet":[1]},"documentationFormat":["markdown","plaintext"]},"completionList":{"itemDefaults":["editRange","insertTextFormat","insertTextMode","data"]},"contextSupport":true},"semanticTokens":{"serverCancelSupport":false,"multilineTokenSupport":false,"dynamicRegistration":false,"tokenTypes":["namespace","type","class","enum","interface","struct","typeParameter","parameter","variable","property","enumMember","event","function","method","macro","keyword","modifier","comment","string","number","regexp","operator","decorator"],"requests":{"full":{"delta":true},"range":false},"formats":["relative"],"tokenModifiers":["declaration","definition","readonly","static","deprecated","abstract","async","modification","documentation","defaultLibrary"],"overlappingTokenSupport":true,"augmentsSyntaxTokens":true},"documentHighlight":{"dynamicRegistration":false},"foldingRange":{"foldingRangeKind":{"valueSet":["comment","imports","region"]},"lineFoldingOnly":true,"foldingRange":{"collapsedText":true},"dynamicRegistration":false},"inlayHint":{"dynamicRegistration":true,"resolveSupport":{"properties":["textEdits","tooltip","location","command"]}},"declaration":{"linkSupport":true},"formatting":{"dynamicRegistration":true}},"general":{"positionEncodings":["utf-8","utf-16","utf-32"]},"workspace":{"didChangeWatchedFiles":{"dynamicRegistration":false,"relativePatternSupport":true},"workspaceEdit":{"resourceOperations":["rename","create","delete"]},"symbol":{"dynamicRegistration":false,"symbolKind":{"valueSet":[1,2,3,4,5,6,7,8,9,10,11,12,13,14,15,16,17,18,19,20,21,22,23,24,25,26]}},"didChangeConfiguration":{"dynamicRegistration":false},"semanticTokens":{"refreshSupport":true},"applyEdit":true,"workspaceFolders":true,"configuration":true,"inlayHint":{"refreshSupport":true}}},"trace":"off"},"jsonrpc":"2.0","method":"initialize"}

[INFO] Read request method: "initialize"
[INFO] Handling method "initialize"
[LOG] Sending Response: 
Content-Length: 125

{"id":1,"result":{"capabilities":{"textDocumentSync":1,"hoverProvider":true},"serverInfo":{"name":"ib-lsp","version":"0.1"}}}

[INFO] Got Content-Length: 52
{"params":{},"jsonrpc":"2.0","method":"initialized"}

[INFO] Read request method: "initialized"
[INFO] Handling method "initialized"
[INFO] Got Content-Length: 44
{"id":2,"jsonrpc":"2.0","method":"shutdown"}

[INFO] Read request method: "shutdown"
[INFO] Handling method "shutdown"
[INFO] Got Content-Length: 44
{"id":3,"jsonrpc":"2.0","method":"shutdown"}

[INFO] Read request method: "shutdown"
[INFO] Handling method "shutdown"
[INFO] Losing is fun!
